INFO:     Will watch for changes in these directories: ['/home/jan/PycharmProjects/truth_will_set_you_free']
INFO:     Uvicorn running on http://127.0.0.1:8000 (Press CTRL+C to quit)
INFO:     Started reloader process [11736] using WatchFiles
Process SpawnProcess-1:
Traceback (most recent call last):
  File "/usr/local/lib/python3.12/multiprocessing/process.py", line 314, in _bootstrap
    self.run()
  File "/usr/local/lib/python3.12/multiprocessing/process.py", line 108, in run
    self._target(*self._args, **self._kwargs)
  File "/home/jan/PycharmProjects/truth_will_set_you_free/venv/lib/python3.12/site-packages/uvicorn/_subprocess.py", line 78, in subprocess_started
    target(sockets=sockets)
  File "/home/jan/PycharmProjects/truth_will_set_you_free/venv/lib/python3.12/site-packages/uvicorn/server.py", line 62, in run
    return asyncio.run(self.serve(sockets=sockets))
           ^^^^^^^^^^^^^^^^^^^^^^^^^^^^^^^^^^^^^^^^
  File "/usr/local/lib/python3.12/asyncio/runners.py", line 194, in run
    return runner.run(main)
           ^^^^^^^^^^^^^^^^
  File "/usr/local/lib/python3.12/asyncio/runners.py", line 118, in run
    return self._loop.run_until_complete(task)
           ^^^^^^^^^^^^^^^^^^^^^^^^^^^^^^^^^^^
  File "uvloop/loop.pyx", line 1517, in uvloop.loop.Loop.run_until_complete
  File "/home/jan/PycharmProjects/truth_will_set_you_free/venv/lib/python3.12/site-packages/uvicorn/server.py", line 69, in serve
    config.load()
  File "/home/jan/PycharmProjects/truth_will_set_you_free/venv/lib/python3.12/site-packages/uvicorn/config.py", line 458, in load
    self.loaded_app = import_from_string(self.app)
                      ^^^^^^^^^^^^^^^^^^^^^^^^^^^^
  File "/home/jan/PycharmProjects/truth_will_set_you_free/venv/lib/python3.12/site-packages/uvicorn/importer.py", line 21, in import_from_string
    module = importlib.import_module(module_str)
             ^^^^^^^^^^^^^^^^^^^^^^^^^^^^^^^^^^^
  File "/usr/local/lib/python3.12/importlib/__init__.py", line 90, in import_module
    return _bootstrap._gcd_import(name[level:], package, level)
           ^^^^^^^^^^^^^^^^^^^^^^^^^^^^^^^^^^^^^^^^^^^^^^^^^^^^
  File "<frozen importlib._bootstrap>", line 1381, in _gcd_import
  File "<frozen importlib._bootstrap>", line 1354, in _find_and_load
  File "<frozen importlib._bootstrap>", line 1325, in _find_and_load_unlocked
  File "<frozen importlib._bootstrap>", line 929, in _load_unlocked
  File "<frozen importlib._bootstrap_external>", line 994, in exec_module
  File "<frozen importlib._bootstrap>", line 488, in _call_with_frames_removed
  File "/home/jan/PycharmProjects/truth_will_set_you_free/truth_will_set_you_free/asgi.py", line 5, in <module>
    from apps.websockets.routing import websocket_urlpatterns  # Import the websocket patterns
    ^^^^^^^^^^^^^^^^^^^^^^^^^^^^^^^^^^^^^^^^^^^^^^^^^^^^^^^^^
  File "/home/jan/PycharmProjects/truth_will_set_you_free/apps/websockets/routing.py", line 2, in <module>
    from .consumers.data_visualization_consumer import DataVisualizationConsumer
  File "/home/jan/PycharmProjects/truth_will_set_you_free/apps/websockets/consumers/data_visualization_consumer.py", line 4, in <module>
    from apps.analyses.views import sentiment_analysis
  File "/home/jan/PycharmProjects/truth_will_set_you_free/apps/analyses/views.py", line 6, in <module>
    from .modules.nlp_analysis import analyze_text as nlp_analyze_text
  File "/home/jan/PycharmProjects/truth_will_set_you_free/apps/analyses/modules/nlp_analysis.py", line 4, in <module>
    from apps.analyses.models import TextAnalysis
  File "/home/jan/PycharmProjects/truth_will_set_you_free/apps/analyses/models.py", line 3, in <module>
    class TextAnalysis(models.Model):
  File "/home/jan/PycharmProjects/truth_will_set_you_free/venv/lib/python3.12/site-packages/django/db/models/base.py", line 129, in __new__
    app_config = apps.get_containing_app_config(module)
                 ^^^^^^^^^^^^^^^^^^^^^^^^^^^^^^^^^^^^^^
  File "/home/jan/PycharmProjects/truth_will_set_you_free/venv/lib/python3.12/site-packages/django/apps/registry.py", line 260, in get_containing_app_config
    self.check_apps_ready()
  File "/home/jan/PycharmProjects/truth_will_set_you_free/venv/lib/python3.12/site-packages/django/apps/registry.py", line 138, in check_apps_ready
    raise AppRegistryNotReady("Apps aren't loaded yet.")
django.core.exceptions.AppRegistryNotReady: Apps aren't loaded yet.
